Jun 03 18:16 : exception: Failed to open /home/audace/.mpd/mpdstate: No such file or directory
Jun 03 18:16 : exception: OutputThread could not get realtime scheduling, continuing anyway: sched_setscheduler failed: Operation not permitted
Jun 03 18:16 : update: added /01. Blommor (Intro).mp3
Jun 03 18:16 : update: added /01 - Damn Gud Shawty.mp3
Jun 03 18:16 : update: added /01 - Nekobasu (prod Baba Stiltz).mp3
Jun 03 18:16 : update: added /01 - Neutral Milk Hotel - King Of Carrot Flowers Pt. One.mp3
Jun 03 18:16 : update: added /01 Sgt. Pepper's Lonely Hearts Club Band.mp3
Jun 03 18:16 : update: added /01 Stratosphere.mp3
Jun 03 18:16 : update: added /01 Warlord.mp3
Jun 03 18:16 : update: added /02. Blinded.mp3
Jun 03 18:16 : update: added /02 2 Hearts.mp3
Jun 03 18:16 : update: added /02 - Buildings ft Thaiboy Digital  Bladee (prod Tokyo Hands WhiteArmor  Yung Sherman).mp3
Jun 03 18:16 : update: added /02 - Neutral Milk Hotel - King Of Carrot Flowers Pts. Two & Three.mp3
Jun 03 18:16 : update: added /02 - The 5th Element.mp3
Jun 03 18:16 : update: added /02 God Only Knows.mp3
Jun 03 18:16 : update: added /02 With A Little Help From My Friends.mp3
Jun 03 18:16 : update: added /03. Sunrise Angel.mp3
Jun 03 18:16 : update: added /03 - Marble Phone (ft Kreayshawn) (prod WhiteArmor  Yung Sherman).mp3
Jun 03 18:16 : update: added /03 - Neutral Milk Hotel - In The Aeroplane Over The Sea.mp3
Jun 03 18:16 : update: added /03 - Plastic G-Shock.mp3
Jun 03 18:16 : update: added /03 Circles.mp3
Jun 03 18:16 : update: added /03 Crystal Clear Ice.mp3
Jun 03 18:16 : update: added /03 Lucy In The Sky With Diamonds.mp3
Jun 03 18:16 : update: added /04. Yoshi City.mp3
Jun 03 18:16 : update: added /04 - Kyoto (prod Yung Gud).mp3
Jun 03 18:16 : update: added /04 - Neutral Milk Hotel - Two - Headed Boy.mp3
Jun 03 18:16 : update: added /04 - Stevie Nicks.mp3
Jun 03 18:16 : update: added /04 Blitz.mp3
Jun 03 18:16 : update: added /04 Eye Contact.mp3
Jun 03 18:16 : update: added /04 Getting Better.mp3
Jun 03 18:16 : update: added /05. Ice Cold Smoke.mp3
Jun 03 18:16 : update: added /05 - Crystalized Snow ft Thaiboy Digital (prod WhiteArmor).mp3
Jun 03 18:16 : update: added /05 - Neutral Milk Hotel - Fool.mp3
Jun 03 18:16 : update: added /5 - Watchu Wanna feat Prada Mane.mp3
Jun 03 18:16 : update: added /05 Creepin' (feat. Benjamin).mp3
Jun 03 18:16 : update: added /05 Fixing A Hole.mp3
Jun 03 18:16 : update: added /05 Forrest Gump.mp3
Jun 03 18:16 : update: added /06. Dog Walk (Intermission).mp3
Jun 03 18:16 : update: added /6 - 3D Spaceship.mp3
Jun 03 18:16 : update: added /06 - King Of The Darkness (prod Baba Stiltz).mp3
Jun 03 18:16 : update: added /06 - Neutral Milk Hotel - Holland, 1945.mp3
Jun 03 18:16 : update: added /06 More Stacks.mp3
Jun 03 18:16 : update: added /06 Reeperbahn.mp3
Jun 03 18:16 : update: added /06 She's Leaving Home.mp3
Jun 03 18:16 : update: added /07. Don't Go.mp3
Jun 03 18:16 : update: added /07 - Motorola (prod Whitearmor).mp3
Jun 03 18:16 : update: added /07 - Neutral Milk Hotel - Communist Daughter.mp3
Jun 03 18:16 : update: added /07 Antibiotics.mp3
Jun 03 18:16 : update: added /07 Being For The Benefit Of Mr. Kite!.mp3
Jun 03 18:16 : update: added /07 Hokus Pokus.mp3
Jun 03 18:16 : update: added /08. Ghosttown (Ft. Travi$ Scott).mp3
Jun 03 18:16 : update: added /08 - Neutral Milk Hotel - Oh Comely.mp3
Jun 03 18:16 : update: added /08 - Visions of U (prod Whitearmor).mp3
Jun 03 18:16 : update: added /08 Buzz.mp3
Jun 03 18:16 : update: added /08 Just Gazin'.mp3
Jun 03 18:16 : update: added /08 Within You Without You.mp3
Jun 03 18:16 : update: added /09. Monster.mp3
Jun 03 18:16 : update: added /09 - Neutral Milk Hotel - Ghost.mp3
Jun 03 18:16 : update: added /09 - Orroz (prod Yung Gud).mp3
Jun 03 18:16 : update: added /09 Miami Showdown.mp3
Jun 03 18:16 : update: added /09 Stars Align.mp3
Jun 03 18:16 : update: added /09 When I'm Sixty-Four.mp3
Jun 03 18:16 : update: added /10. Volt.mp3
Jun 03 18:16 : update: added /10 - Neutral Milk Hotel - Untitled.mp3
Jun 03 18:16 : update: added /10 - Re-Charge ft Baba Stiltz (prod Baba Stiltz).mp3
Jun 03 18:16 : update: added /10 Encore.mp3
Jun 03 18:16 : update: added /10 Energy.mp3
Jun 03 18:16 : update: added /10 Lovely Rita.mp3
Jun 03 18:16 : update: added /11. Leanworld.mp3
Jun 03 18:16 : update: added /11 - Neutral Milk Hotel - Two - Headed Boy Part 2.mp3
Jun 03 18:16 : update: added /11 Good Morning Good Morning.mp3
Jun 03 18:16 : update: added /11 Highway Patrol.mp3
Jun 03 18:16 : update: added /12. Sandman.mp3
Jun 03 18:16 : update: added /12 Forest Fire.mp3
Jun 03 18:16 : update: added /12 Sgt. Pepper's Lonely Hearts Club Band (Reprise).mp3
Jun 03 18:16 : update: added /13. Helt Ensam (Outro).mp3
Jun 03 18:16 : update: added /13 A Day In The Life Demonoid.mp3
Jun 03 18:16 : update: added /13 Miami.mp3
Jun 03 18:16 : update: added /$uicideboy$ - Gray-Grey - 01 #1 $tunna.mp3
Jun 03 18:16 : update: added /$uicideboy$ - Gray-Grey - 02 Loot (Feat. RVMIRXZ & Black Smurf).mp3
Jun 03 18:16 : update: added /$uicideboy$ - Gray-Grey - 03 Pontiac $unfire.mp3
Jun 03 18:16 : update: added /$uicideboy$ - Gray-Grey - 04 Magnolia (Feat. KirbLaGoop).mp3
Jun 03 18:16 : update: added /$uicideboy$ - Gray-Grey - 05 Gabapentin Getaway.mp3
Jun 03 18:16 : update: added /$uicideboy$ - Gray-Grey - 06 $hrimp Poboy (Feat. Supa).mp3
Jun 03 18:16 : update: added /$uicideboy$ - Gray-Grey - 07 Prettyleaf.mp3
Jun 03 18:16 : update: added /$uicideboy$ - Gray-Grey - 08 To Kill a Mockingbird (Feat. Na$ty Matt).mp3
Jun 03 18:16 : update: added /$uicideboy$ - Gray-Grey - 09 Clouds as Witnesses.mp3
Jun 03 18:16 : update: added /$uicideboy$ - Gray-Grey - 10 Gaudy Pack $hawty (Feat. Yung God).mp3
Jun 03 18:16 : update: added /$uicideboy$ - Gray-Grey - 11 Behold a Pale Horse.mp3
Jun 03 18:16 : update: added /$uicideboy$ - Gray-Grey - 12 Kill Yourself (Part II).mp3
Jun 03 18:16 : update: added /$uicideboy$ - KILL YOURSELF Part VIII- THE SEPPUKU SAGA - 01 Tempura.mp3
Jun 03 18:16 : update: added /$uicideboy$ - KILL YOURSELF Part VIII- THE SEPPUKU SAGA - 02 Bag$.mp3
Jun 03 18:16 : update: added /$uicideboy$ - KILL YOURSELF Part VIII- THE SEPPUKU SAGA - 03 Kamehameha (Kamikaze Remix).mp3
Jun 03 18:16 : update: added /$uicideboy$ - KILL YOURSELF Part VIII- THE SEPPUKU SAGA - 04 Vietnam -Bonus Track-.mp3
Jun 03 18:16 : update: added /$uicideboy$ - YUNGDEATHLILLIFE - 01 I Miss My Dead Friends.mp3
Jun 03 18:16 : update: added /$uicideboy$ - YUNGDEATHLILLIFE - 02 That Time We Went to Wal Mart in Memphis to Steal Some Shit Before We Met up with TA to Shoot His Video (Feat. Ghost).mp3
Jun 03 18:16 : update: added /$uicideboy$ - YUNGDEATHLILLIFE - 03 LTE.mp3
Jun 03 18:16 : update: added /$uicideboy$ - YUNGDEATHLILLIFE - 04 Gloss of Blood.mp3
Jun 03 18:16 : update: added /$uicideboy$ - YUNGDEATHLILLIFE - 05 La Croix.mp3
Jun 03 18:16 : update: added /$uicideboy$ - YUNGDEATHLILLIFE - 06 All My Life I've Wanted a Chevy.mp3
Jun 03 18:16 : update: added /$uicideboy$ - YUNGDEATHLILLIFE - 07 I Ended up Driving the Camaro off the Causeway Bridge.mp3
Jun 03 18:16 : update: added /$uicideboy$ - YUNGDEATHLILLIFE - 08 April Mourning.mp3
Jun 03 18:16 : update: added /$uicideboy$ - YUNGDEATHLILLIFE - 09 Cerberus (Feat. Dragonmane).mp3
Jun 03 18:16 : update: added /$uicideboy$ - YUNGDEATHLILLIFE - 10 In Order to Cast a Shadow You Must First Light a Fire.mp3
Jun 03 18:16 : update: added /$uicideboy$ - YUNGDEATHLILLIFE - 11 Handzum $uicide (Feat. Rozz Dyliams).mp3
Jun 03 18:16 : update: added /$uicideboy$ - YUNGDEATHLILLIFE - 12 Sold My Soul to Satan Waiting in Line at the Mall.mp3
Jun 03 18:16 : update: added /$uicideboy$ - YUNGDEATHLILLIFE - 13 Fuck Boy Blood Bath (Bonus Track).mp3
Jun 03 18:16 : update: added /Yung Lean - Ginseng Strip 2002.mp3
Jun 03 18:16 : update: added /Yung Lean - Greygoose.mp3
Jun 03 18:16 : update: added /Yung Lean - Oreomilkshake.mp3
Jun 03 18:16 : update: added /Yung Lean - Unknown Death 2002 - 01 Welcome 2 Unknown Death -Prod. Yung Sherman-.mp3
Jun 03 18:16 : update: added /Yung Lean - Unknown Death 2002 - 02 Nitevision (feat. Bladee) -Prod. Yung Gud-.mp3
Jun 03 18:16 : update: added /Yung Lean - Unknown Death 2002 - 03 Oceans 2001 -Prod. Gregar-.mp3
Jun 03 18:16 : update: added /Yung Lean - Unknown Death 2002 - 04 Gatorade -Prod. Yung Gud-.mp3
Jun 03 18:16 : update: added /Yung Lean - Unknown Death 2002 - 05 Hurt -Prod. Suicideyear-.mp3
Jun 03 18:16 : update: added /Yung Lean - Unknown Death 2002 - 06 Lightsaber - Saviour -Prod. Yung Sherman-.mp3
Jun 03 18:16 : update: added /Yung Lean - Unknown Death 2002 - 07 Princess Daisy -Prod. Yung Gud-.mp3
Jun 03 18:16 : update: added /Yung Lean - Unknown Death 2002 - 08 Lemonade (feat. Baba Stiltz) -Prod. Yung Sherman-.mp3
Jun 03 18:16 : update: added /Yung Lean - Unknown Death 2002 - 09 Emails -Prod. White Armor-.mp3
Jun 03 18:16 : update: added /Yung Lean - Unknown Death 2002 - 10 Deathstar - Getting Benjamins -Prod. White Armor-.mp3
Jun 03 18:16 : update: added /Yung Lean - Unknown Death 2002 - 11 Heal You - Bladerunner (feat. Bladee) -Prod. White Armor-.mp3
Jun 03 18:16 : update: added /Yung Lean - Unknown Death 2002 - 12 Solarflare -Prod. Friendzone-.mp3
Jun 03 18:16 : client: [0] opened from 127.0.0.1:45976
Jun 03 18:16 : client: [0] closed
Jun 03 18:16 : exception: OutputThread could not get realtime scheduling, continuing anyway: sched_setscheduler failed: Operation not permitted
Jun 03 18:16 : client: [0] opened from 127.0.0.1:45978
Jun 03 18:17 : exception: OutputThread could not get realtime scheduling, continuing anyway: sched_setscheduler failed: Operation not permitted
Jun 03 18:19 : client: [0] closed
Jun 03 18:19 : client: [1] opened from 127.0.0.1:46008
Jun 03 18:19 : player: played "04 - Stevie Nicks.mp3"
Jun 03 18:20 : client: [1] closed
Jun 03 18:20 : client: [2] opened from 127.0.0.1:46010
Jun 03 18:24 : player: played "04 - Kyoto (prod Yung Gud).mp3"
Jun 03 18:27 : player: played "01 - Nekobasu (prod Baba Stiltz).mp3"
Jun 03 18:29 : player: played "01 - Damn Gud Shawty.mp3"
Jun 03 18:32 : player: played "02 - The 5th Element.mp3"
Jun 03 18:37 : player: played "02 - Buildings ft Thaiboy Digital  Bladee (prod Tokyo Hands WhiteArmor  Yung Sherman).mp3"
Jun 03 18:37 : client: [3] opened from 127.0.0.1:46244
Jun 03 18:38 : client: [3] closed
Jun 03 18:38 : client: [4] opened from 127.0.0.1:46246
Jun 03 18:38 : client: [4] closed
Jun 03 18:38 : client: [5] opened from 127.0.0.1:46248
Jun 03 18:39 : client: [5] closed
Jun 03 18:39 : client: [6] opened from 127.0.0.1:46250
Jun 03 18:40 : client: [6] closed
Jun 03 18:40 : client: [7] opened from 127.0.0.1:46268
Jun 03 18:40 : client: [7] closed
Jun 03 18:40 : client: [8] opened from 127.0.0.1:46270
Jun 03 18:40 : player: played "$uicideboy$ - KILL YOURSELF Part VIII- THE SEPPUKU SAGA - 01 Tempura.mp3"
Jun 03 18:40 : client: [8] closed
Jun 03 18:41 : client: [9] opened from 127.0.0.1:46274
Jun 03 18:41 : client: [9] closed
Jun 03 18:41 : client: [10] opened from 127.0.0.1:46276
Jun 03 18:41 : client: [10] closed
Jun 03 18:41 : client: [11] opened from 127.0.0.1:46278
Jun 03 18:41 : client: [11] closed
Jun 03 18:41 : client: [12] opened from 127.0.0.1:46280
Jun 03 18:42 : client: [12] closed
Jun 03 18:42 : client: [13] opened from 127.0.0.1:46282
Jun 03 18:42 : client: [13] closed
Jun 03 18:43 : client: [14] opened from 127.0.0.1:46284
Jun 03 18:43 : client: [14] closed
Jun 03 18:43 : client: [15] opened from 127.0.0.1:46286
Jun 03 18:43 : client: [15] closed
Jun 03 18:43 : player: played "$uicideboy$ - KILL YOURSELF Part VIII- THE SEPPUKU SAGA - 01 Tempura.mp3"
Jun 03 18:43 : client: [16] opened from 127.0.0.1:46288
Jun 03 18:45 : client: [2] closed
Jun 03 18:45 : client: [17] opened from 127.0.0.1:46372
Jun 03 18:45 : client: [17] closed
Jun 03 18:45 : client: [18] opened from 127.0.0.1:46374
Jun 03 18:46 : client: [18] closed
Jun 03 18:46 : client: [19] opened from 127.0.0.1:46376
Jun 03 18:46 : player: played "$uicideboy$ - KILL YOURSELF Part VIII- THE SEPPUKU SAGA - 04 Vietnam -Bonus Track-.mp3"
Jun 03 18:48 : client: [19] closed
Jun 03 18:51 : client: [20] opened from 127.0.0.1:46466
Jun 03 18:51 : player: played "Yung Lean - Oreomilkshake.mp3"
Jun 03 18:52 : client: [20] closed
Jun 03 18:52 : client: [21] opened from 127.0.0.1:46468
Jun 03 18:53 : client: [21] closed
Jun 03 18:53 : client: [22] opened from 127.0.0.1:46470
Jun 03 18:53 : client: [22] closed
Jun 03 18:53 : client: [23] opened from 127.0.0.1:46472
Jun 03 18:55 : player: played "07 - Motorola (prod Whitearmor).mp3"
Jun 03 18:55 : client: [23] closed
Jun 03 18:55 : client: [24] opened from 127.0.0.1:46476
Jun 03 18:57 : client: [24] closed
Jun 03 18:57 : client: [25] opened from 127.0.0.1:46494
Jun 03 18:57 : player: played "$uicideboy$ - KILL YOURSELF Part VIII- THE SEPPUKU SAGA - 01 Tempura.mp3"
Jun 03 18:59 : player: played "$uicideboy$ - KILL YOURSELF Part VIII- THE SEPPUKU SAGA - 01 Tempura.mp3"
Jun 03 19:02 : player: played "$uicideboy$ - KILL YOURSELF Part VIII- THE SEPPUKU SAGA - 02 Bag$.mp3"
Jun 03 19:04 : player: played "$uicideboy$ - KILL YOURSELF Part VIII- THE SEPPUKU SAGA - 03 Kamehameha (Kamikaze Remix).mp3"
Jun 03 19:07 : player: played "$uicideboy$ - KILL YOURSELF Part VIII- THE SEPPUKU SAGA - 04 Vietnam -Bonus Track-.mp3"
Jun 03 19:07 : client: [16] closed
Jun 03 19:07 : client: [26] opened from 127.0.0.1:46584
Jun 03 19:08 : client: [26] closed
Jun 03 19:08 : client: [27] opened from 127.0.0.1:46586
Jun 03 19:10 : client: [27] closed
Jun 03 19:10 : client: [28] opened from 127.0.0.1:46592
Jun 03 19:10 : client: [28] closed
Jun 03 19:10 : client: [29] opened from 127.0.0.1:46594
Jun 03 19:11 : client: [29] closed
Jun 03 19:11 : client: [30] opened from 127.0.0.1:46598
Jun 03 19:11 : player: played "Yung Lean - Oreomilkshake.mp3"
Jun 03 19:12 : client: [30] closed
Jun 03 19:12 : client: [31] opened from 127.0.0.1:46600
Jun 03 19:15 : player: played "03 - Plastic G-Shock.mp3"
Jun 03 19:19 : client: [25] closed
Jun 03 19:19 : client: [32] opened from 127.0.0.1:46794
Jun 03 19:23 : player: played "Yung Lean - Unknown Death 2002 - 12 Solarflare -Prod. Friendzone-.mp3"
Jun 03 19:24 : player: played "01. Blommor (Intro).mp3"
Jun 03 19:26 : player: played "01. Blommor (Intro).mp3"
Jun 03 19:28 : client: [31] closed
Jun 03 19:28 : client: [33] opened from 127.0.0.1:46994
Jun 03 19:30 : player: played "02. Blinded.mp3"
Jun 03 19:33 : player: played "03. Sunrise Angel.mp3"
Jun 03 19:37 : player: played "04. Yoshi City.mp3"
Jun 03 19:39 : player: played "05. Ice Cold Smoke.mp3"
Jun 03 19:40 : player: played "06. Dog Walk (Intermission).mp3"
Jun 03 19:44 : player: played "07. Don't Go.mp3"
Jun 03 19:49 : player: played "08. Ghosttown (Ft. Travi$ Scott).mp3"
Jun 03 19:53 : player: played "09. Monster.mp3"
Jun 03 19:56 : client: [34] opened from 127.0.0.1:47128
Jun 03 19:56 : client: [35] opened from 127.0.0.1:47130
Jun 03 19:56 : client: [33] closed
Jun 03 19:56 : client: [34] closed
Jun 03 19:56 : client: [35] closed
Jun 03 19:56 : player: played "10. Volt.mp3"
Jun 03 19:57 : client: [36] opened from 127.0.0.1:47132
Jun 03 19:57 : client: [36] closed
Jun 03 19:57 : client: [37] opened from 127.0.0.1:47134
Jun 03 19:57 : client: [37] closed
Jun 03 19:58 : client: [32] closed
Jun 03 19:58 : exception: "pulse audio" [pulse] failed to play: suspended
Jun 03 19:58 : client: [38] opened from 127.0.0.1:47136
Jun 03 19:59 : client: [38] closed
Jun 03 19:59 : client: [39] opened from 127.0.0.1:47138
Jun 03 20:00 : player: played "11. Leanworld.mp3"
Jun 03 20:02 : client: [39] closed
Jun 03 20:02 : client: [40] opened from 127.0.0.1:47140
Jun 03 20:02 : client: [40] closed
Jun 03 20:02 : client: [41] opened from 127.0.0.1:47142
Jun 03 20:02 : client: [41] closed
Jun 03 20:03 : client: [42] opened from 127.0.0.1:47144
Jun 03 20:03 : client: [42] closed
Jun 03 20:03 : client: [43] opened from 127.0.0.1:47146
Jun 03 20:03 : client: [43] closed
Jun 03 20:03 : client: [44] opened from 127.0.0.1:47148
Jun 03 20:03 : client: [44] closed
Jun 03 20:03 : player: played "12. Sandman.mp3"
Jun 03 20:03 : client: [45] opened from 127.0.0.1:47150
Jun 03 20:04 : client: [45] closed
Jun 03 20:04 : client: [46] opened from 127.0.0.1:47152
Jun 03 20:04 : client: [46] closed
Jun 03 20:04 : exception: "pulse audio" [pulse] failed to play: suspended
Jun 03 20:04 : player: played "13. Helt Ensam (Outro).mp3"
Jun 03 20:05 : exception: OutputThread could not get realtime scheduling, continuing anyway: sched_setscheduler failed: Operation not permitted
Jun 03 20:05 : exception: OutputThread could not get realtime scheduling, continuing anyway: sched_setscheduler failed: Operation not permitted
Jun 03 20:05 : client: [0] opened from 127.0.0.1:42106
Jun 03 20:05 : player: played "13. Helt Ensam (Outro).mp3"
Jun 03 20:46 : exception: OutputThread could not get realtime scheduling, continuing anyway: sched_setscheduler failed: Operation not permitted
Jun 03 20:46 : exception: OutputThread could not get realtime scheduling, continuing anyway: sched_setscheduler failed: Operation not permitted
Jun 03 20:46 : client: [0] opened from 127.0.0.1:45158
Jun 03 20:46 : player: played "13. Helt Ensam (Outro).mp3"
Jun 04 08:42 : exception: OutputThread could not get realtime scheduling, continuing anyway: sched_setscheduler failed: Operation not permitted
Jun 04 08:42 : exception: OutputThread could not get realtime scheduling, continuing anyway: sched_setscheduler failed: Operation not permitted
Jun 04 08:42 : client: [0] opened from 127.0.0.1:35264
Jun 04 08:43 : player: played "13. Helt Ensam (Outro).mp3"
Jun 04 08:47 : player: played "01 Warlord.mp3"
Jun 04 08:49 : client: [0] closed
Jun 04 08:49 : exception: "pulse audio" [pulse] failed to play: suspended
Jun 04 08:49 : client: [1] opened from 127.0.0.1:35266
Jun 04 08:50 : player: played "02 God Only Knows.mp3"
Jun 04 08:50 : exception: OutputThread could not get realtime scheduling, continuing anyway: sched_setscheduler failed: Operation not permitted
Jun 04 08:50 : exception: OutputThread could not get realtime scheduling, continuing anyway: sched_setscheduler failed: Operation not permitted
Jun 04 08:50 : client: [0] opened from 127.0.0.1:35278
Jun 04 08:50 : player: played "02 God Only Knows.mp3"
Jun 04 08:53 : exception: "pulse audio" [pulse] failed to play: disconnected
Jun 04 08:53 : player: played "03 Crystal Clear Ice.mp3"
Jun 04 08:54 : exception: OutputThread could not get realtime scheduling, continuing anyway: sched_setscheduler failed: Operation not permitted
Jun 04 08:54 : exception: OutputThread could not get realtime scheduling, continuing anyway: sched_setscheduler failed: Operation not permitted
Jun 04 08:54 : client: [0] opened from 127.0.0.1:60824
Jun 04 08:55 : player: played "03 Crystal Clear Ice.mp3"
Jun 04 08:56 : client: [1] opened from 127.0.0.1:60858
Jun 04 08:58 : player: played "$uicideboy$ - KILL YOURSELF Part VIII- THE SEPPUKU SAGA - 01 Tempura.mp3"
Jun 04 09:01 : player: played "$uicideboy$ - KILL YOURSELF Part VIII- THE SEPPUKU SAGA - 01 Tempura.mp3"
Jun 04 09:01 : client: [0] closed
Jun 04 09:01 : client: [2] opened from 127.0.0.1:60860
Jun 04 09:03 : player: played "$uicideboy$ - KILL YOURSELF Part VIII- THE SEPPUKU SAGA - 02 Bag$.mp3"
Jun 04 09:05 : player: played "$uicideboy$ - KILL YOURSELF Part VIII- THE SEPPUKU SAGA - 03 Kamehameha (Kamikaze Remix).mp3"
Jun 04 09:08 : player: played "$uicideboy$ - KILL YOURSELF Part VIII- THE SEPPUKU SAGA - 04 Vietnam -Bonus Track-.mp3"
Jun 04 09:13 : player: played "Yung Lean - Oreomilkshake.mp3"
Jun 04 09:16 : player: played "03 - Plastic G-Shock.mp3"
Jun 04 09:20 : player: played "04 - Kyoto (prod Yung Gud).mp3"
Jun 04 09:22 : player: played "07 - Motorola (prod Whitearmor).mp3"
Jun 04 09:27 : player: played "Yung Lean - Oreomilkshake.mp3"
Jun 04 09:29 : player: played "Yung Lean - Ginseng Strip 2002.mp3"
Jun 04 09:32 : player: played "Yung Lean - Greygoose.mp3"
Jun 04 09:34 : player: played "Yung Lean - Unknown Death 2002 - 01 Welcome 2 Unknown Death -Prod. Yung Sherman-.mp3"
Jun 04 09:36 : client: [1] closed
Jun 04 09:37 : client: [3] opened from 127.0.0.1:33180
Jun 04 09:38 : client: [3] closed
Jun 04 09:39 : client: [2] closed
Jun 04 09:39 : client: [4] opened from 127.0.0.1:33184
Jun 04 09:39 : player: played "Yung Lean - Unknown Death 2002 - 02 Nitevision (feat. Bladee) -Prod. Yung Gud-.mp3"
Jun 04 09:41 : client: [4] closed
Jun 04 09:41 : client: [5] opened from 127.0.0.1:33190
Jun 04 09:43 : player: played "Yung Lean - Unknown Death 2002 - 03 Oceans 2001 -Prod. Gregar-.mp3"
Jun 04 09:46 : player: played "Yung Lean - Unknown Death 2002 - 04 Gatorade -Prod. Yung Gud-.mp3"
Jun 04 09:50 : player: played "Yung Lean - Unknown Death 2002 - 05 Hurt -Prod. Suicideyear-.mp3"
